<?xml version="1.0" encoding="UTF-8"?>
<!-- Generated by org.testng.reporters.JUnitXMLReporter -->
<testsuite hostname="6VONETUM41T5TPY" ignored="0" name="Test" tests="2" failures="2" timestamp="11 May 2020 10:08:51 GMT" time="99.241" errors="0">
  <testcase name="checkCourseTab" time="0.032" classname="com.testingshastra.Tests.TestCourseTab">
    <failure type="java.lang.NullPointerException">
      <![CDATA[java.lang.NullPointerException
at org.openqa.selenium.support.pagefactory.DefaultElementLocator.findElement(DefaultElementLocator.java:69)
at org.openqa.selenium.support.pagefactory.internal.LocatingElementHandler.invoke(LocatingElementHandler.java:38)
at com.sun.proxy.$Proxy9.click(Unknown Source)
at com.testingshastra.Pages.CourseTab.clickOnCourseTab(CourseTab.java:27)
at com.testingshastra.Tests.TestCourseTab.checkCourseTab(TestCourseTab.java:27)
... Removed 25 stack frames]]>
    </failure>
  </testcase> <!-- checkCourseTab -->
  <testcase name="testCourseTabElements" time="0.003" classname="com.testingshastra.Tests.TestCourseTab">
    <failure type="java.lang.NullPointerException">
      <![CDATA[java.lang.NullPointerException
at org.openqa.selenium.support.pagefactory.DefaultElementLocator.findElement(DefaultElementLocator.java:69)
at org.openqa.selenium.support.pagefactory.internal.LocatingElementHandler.invoke(LocatingElementHandler.java:38)
at com.sun.proxy.$Proxy9.click(Unknown Source)
at com.testingshastra.Pages.CourseTab.clickAutomationTesting(CourseTab.java:30)
at com.testingshastra.Tests.TestCourseTab.testCourseTabElements(TestCourseTab.java:34)
... Removed 25 stack frames]]>
    </failure>
  </testcase> <!-- testCourseTabElements -->
</testsuite> <!-- Test -->
