<?xml version="1.0" encoding="UTF-8"?>
<testng-results skipped="0" failed="0" ignored="0" total="1" passed="1">
  <reporter-output>
  </reporter-output>
  <suite name="Default suite" duration-ms="90694" started-at="2020-05-11T08:29:51Z" finished-at="2020-05-11T08:31:22Z">
    <groups>
    </groups>
    <test name="Default test" duration-ms="90694" started-at="2020-05-11T08:29:51Z" finished-at="2020-05-11T08:31:22Z">
      <class name="com.testingshastra.Tests.TestCourseTab">
        <test-method status="PASS" signature="checkCourseTab()[pri:0, instance:com.testingshastra.Tests.TestCourseTab@5792a0]" name="checkCourseTab" duration-ms="90640" started-at="2020-05-11T08:29:51Z" finished-at="2020-05-11T08:31:22Z">
          <reporter-output>
          </reporter-output>
        </test-method> <!-- checkCourseTab -->
      </class> <!-- com.testingshastra.Tests.TestCourseTab -->
    </test> <!-- Default test -->
  </suite> <!-- Default suite -->
</testng-results>
